<?xml version="1.0" encoding="UTF-8"?>
<testsuite xmlns:xsi="http://www.w3.org/2001/XMLSchema-instance" xsi:noNamespaceSchemaLocation="https://maven.apache.org/surefire/maven-surefire-plugin/xsd/surefire-test-report-3.0.xsd" version="3.0" name="com.test_runner.Test_Runner" time="12.862" tests="2" errors="0" skipped="0" failures="0">
  <properties>
[...]
</properties>
  <testcase name="Validate the dynamic content" classname="EMPTY_NAME" time="2.127">
    <system-out><![CDATA[
Scenario: Validate the dynamic content                           # src/test/java/AT.feature:3
  Given User is on home page                                     # com.step_definition.Step_Definition.user_is_on_home_page()
  When User clicks on dynamic content                            # com.step_definition.Step_Definition.user_clicks_on_dynamic_content()
  And User clicks on click here button                           # com.step_definition.Step_Definition.user_clicks_on_click_here_button()
  Then User verify the changes after clicks on click here button # com.step_definition.Step_Definition.user_verify_the_changes_after_clicks_on_click_here_button()
]]></system-out>
    <system-err><![CDATA[SLF4J(W): No SLF4J providers were found.
SLF4J(W): Defaulting to no-operation (NOP) logger implementation
SLF4J(W): See https://www.slf4j.org/codes.html#noProviders for further details.
Sept 08, 2026 3:33:20 PM org.openqa.selenium.devtools.CdpVersionFinder findNearestMatch
WARNING: Unable to find CDP implementation matching 151
Sept 08, 2026 3:33:20 PM org.openqa.selenium.chromium.ChromiumDriver lambda$new$4
WARNING: Unable to find version of CDP to use for 151.0.7922.172. You may need to include a dependency on a specific version of the CDP using something similar to `org.seleniumhq.selenium:selenium-devtools-v86:4.28.0` where the version ("v86") matches the version of the chromium-based browser you're using and the version number of the artifact is the same as Selenium's.
]]></system-err>
  </testcase>
  <testcase name="validate the dynamic controls" classname="EMPTY_NAME" time="0.147">
    <system-out><![CDATA[
Scenario: validate the dynamic controls                                # src/test/java/AT.feature:9
  Given User is on application home page                               # com.step_definition.Step_Definition.user_is_on_application_home_page()
  When User clicks on dynamic controls                                 # com.step_definition.Step_Definition.user_clicks_on_dynamic_controls()
  Then User validate checkbox is enable                                # com.step_definition.Step_Definition.user_validate_checkbox_is_enable()
  When User clicks on the check box                                    # com.step_definition.Step_Definition.user_clicks_on_the_check_box()
  Then User validate check box been clicked                            # com.step_definition.Step_Definition.user_validate_check_box_been_clicked()
  When User clicks on remove button                                    # com.step_definition.Step_Definition.user_clicks_on_remove_button()
  Then User validate it,s gone is displayed                            # com.step_definition.Step_Definition.user_validate_it_s_gone_is_displayed()
  When User clicks on Add button                                       # com.step_definition.Step_Definition.user_clicks_on_add_button()
  Then User validate it,s back is displayed after click the Add button # com.step_definition.Step_Definition.user_validate_it_s_back_is_displayed_after_click_the_add_button()
]]></system-out>
  </testcase>
</testsuite>